<?xml version="1.0" encoding="utf-8"?>
<coverage line-rate="0.6325" branch-rate="0.5217" version="1.9" timestamp="1645883619" lines-covered="494" lines-valid="781" branches-covered="72" branches-valid="138">
  <sources>
    <source>D:\University\2 year\OOP\LW_2_13\</source>
    <source>C:\</source>
  </sources>
  <packages>
    <package name="LW_2_13" line-rate="0.4991" branch-rate="0.5217" complexity="201">
      <classes>
        <class name="LW_2_13.Factory" filename="LW_2_13\Factory.cs" line-rate="0" branch-rate="0" complexity="14">
          <methods>
            <method name="get_Production" signature="()" line-rate="0" branch-rate="1" complexity="1">
              <lines>
                <line number="12" hits="0" branch="False" />
              </lines>
            </method>
            <method name="get_HeadOrganization" signature="()" line-rate="0" branch-rate="1" complexity="1">
              <lines>
                <line number="14" hits="0" branch="False" />
              </lines>
            </method>
            <method name="Print" signature="()" line-rate="0" branch-rate="0" complexity="2">
              <lines>
                <line number="31" hits="0" branch="False" />
                <line number="32" hits="0" branch="False" />
                <line number="33" hits="0" branch="False" />
                <line number="34" hits="0" branch="True" condition-coverage="0% (0/2)">
                  <conditions>
                    <condition number="42" type="jump" coverage="0%" />
                  </conditions>
                </line>
                <line number="35" hits="0" branch="False" />
                <line number="36" hits="0" branch="False" />
              </lines>
            </method>
            <method name="CompareTo" signature="(System.Object)" line-rate="0" branch-rate="0" complexity="6">
              <lines>
                <line number="39" hits="0" branch="False" />
                <line number="40" hits="0" branch="False" />
                <line number="41" hits="0" branch="False" />
                <line number="42" hits="0" branch="True" condition-coverage="0% (0/2)">
                  <conditions>
                    <condition number="16" type="jump" coverage="0%" />
                  </conditions>
                </line>
                <line number="43" hits="0" branch="False" />
                <line number="44" hits="0" branch="False" />
                <line number="45" hits="0" branch="True" condition-coverage="0% (0/2)">
                  <conditions>
                    <condition number="33" type="jump" coverage="0%" />
                  </conditions>
                </line>
                <line number="46" hits="0" branch="False" />
                <line number="47" hits="0" branch="False" />
                <line number="48" hits="0" branch="False" />
                <line number="49" hits="0" branch="True" condition-coverage="0% (0/2)">
                  <conditions>
                    <condition number="63" type="jump" coverage="0%" />
                  </conditions>
                </line>
                <line number="50" hits="0" branch="False" />
                <line number="51" hits="0" branch="False" />
                <line number="52" hits="0" branch="False" />
                <line number="53" hits="0" branch="False" />
                <line number="54" hits="0" branch="False" />
                <line number="55" hits="0" branch="False" />
              </lines>
            </method>
            <method name="Clone" signature="()" line-rate="0" branch-rate="1" complexity="1">
              <lines>
                <line number="60" hits="0" branch="False" />
                <line number="61" hits="0" branch="False" />
                <line number="62" hits="0" branch="False" />
                <line number="63" hits="0" branch="False" />
                <line number="64" hits="0" branch="False" />
              </lines>
            </method>
            <method name="DeepClone" signature="()" line-rate="0" branch-rate="1" complexity="1">
              <lines>
                <line number="68" hits="0" branch="False" />
                <line number="69" hits="0" branch="False" />
                <line number="70" hits="0" branch="False" />
                <line number="71" hits="0" branch="False" />
                <line number="72" hits="0" branch="False" />
                <line number="73" hits="0" branch="False" />
              </lines>
            </method>
            <method name=".ctor" signature="(System.String,System.String,System.String,System.Double)" line-rate="0" branch-rate="1" complexity="1">
              <lines>
                <line number="17" hits="0" branch="False" />
                <line number="18" hits="0" branch="False" />
                <line number="19" hits="0" branch="False" />
                <line number="20" hits="0" branch="False" />
                <line number="21" hits="0" branch="False" />
              </lines>
            </method>
            <method name=".ctor" signature="(System.Random&amp;)" line-rate="0" branch-rate="1" complexity="1">
              <lines>
                <line number="23" hits="0" branch="False" />
                <line number="24" hits="0" branch="False" />
                <line number="25" hits="0" branch="False" />
                <line number="26" hits="0" branch="False" />
                <line number="27" hits="0" branch="False" />
                <line number="28" hits="0" branch="False" />
              </lines>
            </method>
          </methods>
          <lines>
            <line number="12" hits="0" branch="False" />
            <line number="14" hits="0" branch="False" />
            <line number="31" hits="0" branch="False" />
            <line number="32" hits="0" branch="False" />
            <line number="33" hits="0" branch="False" />
            <line number="34" hits="0" branch="True" condition-coverage="0% (0/2)">
              <conditions>
                <condition number="42" type="jump" coverage="0%" />
              </conditions>
            </line>
            <line number="35" hits="0" branch="False" />
            <line number="36" hits="0" branch="False" />
            <line number="39" hits="0" branch="False" />
            <line number="40" hits="0" branch="False" />
            <line number="41" hits="0" branch="False" />
            <line number="42" hits="0" branch="True" condition-coverage="0% (0/2)">
              <conditions>
                <condition number="16" type="jump" coverage="0%" />
              </conditions>
            </line>
            <line number="43" hits="0" branch="False" />
            <line number="44" hits="0" branch="False" />
            <line number="45" hits="0" branch="True" condition-coverage="0% (0/2)">
              <conditions>
                <condition number="33" type="jump" coverage="0%" />
              </conditions>
            </line>
            <line number="46" hits="0" branch="False" />
            <line number="47" hits="0" branch="False" />
            <line number="48" hits="0" branch="False" />
            <line number="49" hits="0" branch="True" condition-coverage="0% (0/2)">
              <conditions>
                <condition number="63" type="jump" coverage="0%" />
              </conditions>
            </line>
            <line number="50" hits="0" branch="False" />
            <line number="51" hits="0" branch="False" />
            <line number="52" hits="0" branch="False" />
            <line number="53" hits="0" branch="False" />
            <line number="54" hits="0" branch="False" />
            <line number="55" hits="0" branch="False" />
            <line number="60" hits="0" branch="False" />
            <line number="61" hits="0" branch="False" />
            <line number="62" hits="0" branch="False" />
            <line number="63" hits="0" branch="False" />
            <line number="64" hits="0" branch="False" />
            <line number="68" hits="0" branch="False" />
            <line number="69" hits="0" branch="False" />
            <line number="70" hits="0" branch="False" />
            <line number="71" hits="0" branch="False" />
            <line number="72" hits="0" branch="False" />
            <line number="73" hits="0" branch="False" />
            <line number="17" hits="0" branch="False" />
            <line number="18" hits="0" branch="False" />
            <line number="19" hits="0" branch="False" />
            <line number="20" hits="0" branch="False" />
            <line number="21" hits="0" branch="False" />
            <line number="23" hits="0" branch="False" />
            <line number="24" hits="0" branch="False" />
            <line number="25" hits="0" branch="False" />
            <line number="26" hits="0" branch="False" />
            <line number="27" hits="0" branch="False" />
            <line number="28" hits="0" branch="False" />
          </lines>
        </class>
        <class name="LW_2_13.InsuranceCompany" filename="LW_2_13\InsuranceCompany.cs" line-rate="0" branch-rate="0" complexity="9">
          <methods>
            <method name="get_NumberOfClients" signature="()" line-rate="0" branch-rate="1" complexity="1">
              <lines>
                <line number="12" hits="0" branch="False" />
              </lines>
            </method>
            <method name="Print" signature="()" line-rate="0" branch-rate="1" complexity="1">
              <lines>
                <line number="26" hits="0" branch="False" />
                <line number="27" hits="0" branch="False" />
                <line number="28" hits="0" branch="False" />
                <line number="29" hits="0" branch="False" />
                <line number="30" hits="0" branch="False" />
              </lines>
            </method>
            <method name="CompareTo" signature="(System.Object)" line-rate="0" branch-rate="0" complexity="4">
              <lines>
                <line number="33" hits="0" branch="False" />
                <line number="34" hits="0" branch="False" />
                <line number="35" hits="0" branch="False" />
                <line number="36" hits="0" branch="True" condition-coverage="0% (0/2)">
                  <conditions>
                    <condition number="16" type="jump" coverage="0%" />
                  </conditions>
                </line>
                <line number="37" hits="0" branch="False" />
                <line number="38" hits="0" branch="False" />
                <line number="39" hits="0" branch="True" condition-coverage="0% (0/2)">
                  <conditions>
                    <condition number="33" type="jump" coverage="0%" />
                  </conditions>
                </line>
                <line number="40" hits="0" branch="False" />
                <line number="41" hits="0" branch="False" />
                <line number="42" hits="0" branch="False" />
                <line number="43" hits="0" branch="False" />
                <line number="44" hits="0" branch="False" />
                <line number="45" hits="0" branch="False" />
              </lines>
            </method>
            <method name="Clone" signature="()" line-rate="0" branch-rate="1" complexity="1">
              <lines>
                <line number="48" hits="0" branch="False" />
                <line number="49" hits="0" branch="False" />
                <line number="50" hits="0" branch="False" />
                <line number="51" hits="0" branch="False" />
                <line number="52" hits="0" branch="False" />
              </lines>
            </method>
            <method name=".ctor" signature="(System.String,System.String,System.Int32,System.Double)" line-rate="0" branch-rate="1" complexity="1">
              <lines>
                <line number="15" hits="0" branch="False" />
                <line number="16" hits="0" branch="False" />
                <line number="17" hits="0" branch="False" />
                <line number="18" hits="0" branch="False" />
              </lines>
            </method>
            <method name=".ctor" signature="(System.Random&amp;)" line-rate="0" branch-rate="1" complexity="1">
              <lines>
                <line number="20" hits="0" branch="False" />
                <line number="21" hits="0" branch="False" />
                <line number="22" hits="0" branch="False" />
                <line number="23" hits="0" branch="False" />
              </lines>
            </method>
          </methods>
          <lines>
            <line number="12" hits="0" branch="False" />
            <line number="26" hits="0" branch="False" />
            <line number="27" hits="0" branch="False" />
            <line number="28" hits="0" branch="False" />
            <line number="29" hits="0" branch="False" />
            <line number="30" hits="0" branch="False" />
            <line number="33" hits="0" branch="False" />
            <line number="34" hits="0" branch="False" />
            <line number="35" hits="0" branch="False" />
            <line number="36" hits="0" branch="True" condition-coverage="0% (0/2)">
              <conditions>
                <condition number="16" type="jump" coverage="0%" />
              </conditions>
            </line>
            <line number="37" hits="0" branch="False" />
            <line number="38" hits="0" branch="False" />
            <line number="39" hits="0" branch="True" condition-coverage="0% (0/2)">
              <conditions>
                <condition number="33" type="jump" coverage="0%" />
              </conditions>
            </line>
            <line number="40" hits="0" branch="False" />
            <line number="41" hits="0" branch="False" />
            <line number="42" hits="0" branch="False" />
            <line number="43" hits="0" branch="False" />
            <line number="44" hits="0" branch="False" />
            <line number="45" hits="0" branch="False" />
            <line number="48" hits="0" branch="False" />
            <line number="49" hits="0" branch="False" />
            <line number="50" hits="0" branch="False" />
            <line number="51" hits="0" branch="False" />
            <line number="52" hits="0" branch="False" />
            <line number="15" hits="0" branch="False" />
            <line number="16" hits="0" branch="False" />
            <line number="17" hits="0" branch="False" />
            <line number="18" hits="0" branch="False" />
            <line number="20" hits="0" branch="False" />
            <line number="21" hits="0" branch="False" />
            <line number="22" hits="0" branch="False" />
            <line number="23" hits="0" branch="False" />
          </lines>
        </class>
        <class name="LW_2_13.Journal`1" filename="LW_2_13\Journal.cs" line-rate="1" branch-rate="1" complexity="6">
          <methods>
            <method name="Add" signature="(LW_2_13.MyNewStack`1&lt;T&gt;,LW_2_13.MyStackHandlerEventArgs`1&lt;T&gt;)" line-rate="1" branch-rate="1" complexity="1">
              <lines>
                <line number="35" hits="5" branch="False" />
                <line number="36" hits="5" branch="False" />
                <line number="37" hits="5" branch="False" />
              </lines>
            </method>
            <method name="Show" signature="()" line-rate="1" branch-rate="1" complexity="2">
              <lines>
                <line number="40" hits="4" branch="False" />
                <line number="41" hits="4" branch="False" />
                <line number="42" hits="22" branch="True" condition-coverage="100% (2/2)">
                  <conditions>
                    <condition number="57" type="jump" coverage="100%" />
                  </conditions>
                </line>
                <line number="43" hits="5" branch="False" />
                <line number="44" hits="5" branch="False" />
                <line number="45" hits="5" branch="False" />
                <line number="46" hits="4" branch="False" />
                <line number="47" hits="4" branch="False" />
              </lines>
            </method>
            <method name="CollectionCountChanged" signature="(System.Object,LW_2_13.MyStackHandlerEventArgs`1&lt;T&gt;)" line-rate="1" branch-rate="1" complexity="1">
              <lines>
                <line number="52" hits="3" branch="False" />
                <line number="53" hits="3" branch="False" />
                <line number="54" hits="3" branch="False" />
              </lines>
            </method>
            <method name="CollectionReferenceChanged" signature="(System.Object,LW_2_13.MyStackHandlerEventArgs`1&lt;T&gt;)" line-rate="1" branch-rate="1" complexity="1">
              <lines>
                <line number="57" hits="2" branch="False" />
                <line number="58" hits="2" branch="False" />
                <line number="59" hits="2" branch="False" />
              </lines>
            </method>
            <method name=".ctor" signature="()" line-rate="1" branch-rate="1" complexity="1">
              <lines>
                <line number="32" hits="4" branch="False" />
              </lines>
            </method>
          </methods>
          <lines>
            <line number="35" hits="5" branch="False" />
            <line number="36" hits="5" branch="False" />
            <line number="37" hits="5" branch="False" />
            <line number="40" hits="4" branch="False" />
            <line number="41" hits="4" branch="False" />
            <line number="42" hits="22" branch="True" condition-coverage="100% (2/2)">
              <conditions>
                <condition number="57" type="jump" coverage="100%" />
              </conditions>
            </line>
            <line number="43" hits="5" branch="False" />
            <line number="44" hits="5" branch="False" />
            <line number="45" hits="5" branch="False" />
            <line number="46" hits="4" branch="False" />
            <line number="47" hits="4" branch="False" />
            <line number="52" hits="3" branch="False" />
            <line number="53" hits="3" branch="False" />
            <line number="54" hits="3" branch="False" />
            <line number="57" hits="2" branch="False" />
            <line number="58" hits="2" branch="False" />
            <line number="59" hits="2" branch="False" />
            <line number="32" hits="4" branch="False" />
          </lines>
        </class>
        <class name="LW_2_13.Journal`1/JournalEntry`1" filename="LW_2_13\Journal.cs" line-rate="1" branch-rate="1" complexity="6">
          <methods>
            <method name="get_CollectionName" signature="()" line-rate="1" branch-rate="1" complexity="1">
              <lines>
                <line number="13" hits="10" branch="False" />
              </lines>
            </method>
            <method name="get_EventDescription" signature="()" line-rate="1" branch-rate="1" complexity="1">
              <lines>
                <line number="14" hits="10" branch="False" />
              </lines>
            </method>
            <method name="get_Obj" signature="()" line-rate="1" branch-rate="1" complexity="1">
              <lines>
                <line number="15" hits="10" branch="False" />
              </lines>
            </method>
            <method name="get_CurrentCollection" signature="()" line-rate="1" branch-rate="1" complexity="1">
              <lines>
                <line number="16" hits="5" branch="False" />
              </lines>
            </method>
            <method name="ToString" signature="()" line-rate="1" branch-rate="1" complexity="1">
              <lines>
                <line number="27" hits="5" branch="False" />
                <line number="28" hits="5" branch="False" />
                <line number="29" hits="5" branch="False" />
              </lines>
            </method>
            <method name=".ctor" signature="(LW_2_13.MyNewStack`1&lt;T&gt;,LW_2_13.MyStackHandlerEventArgs`1&lt;T&gt;)" line-rate="1" branch-rate="1" complexity="1">
              <lines>
                <line number="18" hits="5" branch="False" />
                <line number="19" hits="5" branch="False" />
                <line number="20" hits="5" branch="False" />
                <line number="21" hits="5" branch="False" />
                <line number="22" hits="5" branch="False" />
                <line number="23" hits="5" branch="False" />
                <line number="24" hits="5" branch="False" />
              </lines>
            </method>
          </methods>
          <lines>
            <line number="13" hits="10" branch="False" />
            <line number="14" hits="10" branch="False" />
            <line number="15" hits="10" branch="False" />
            <line number="16" hits="5" branch="False" />
            <line number="27" hits="5" branch="False" />
            <line number="28" hits="5" branch="False" />
            <line number="29" hits="5" branch="False" />
            <line number="18" hits="5" branch="False" />
            <line number="19" hits="5" branch="False" />
            <line number="20" hits="5" branch="False" />
            <line number="21" hits="5" branch="False" />
            <line number="22" hits="5" branch="False" />
            <line number="23" hits="5" branch="False" />
            <line number="24" hits="5" branch="False" />
          </lines>
        </class>
        <class name="LW_2_13.Library" filename="LW_2_13\Library.cs" line-rate="0" branch-rate="0" complexity="11">
          <methods>
            <method name="get_NumberOfBooks" signature="()" line-rate="0" branch-rate="1" complexity="1">
              <lines>
                <line number="12" hits="0" branch="False" />
              </lines>
            </method>
            <method name="Print" signature="()" line-rate="0" branch-rate="1" complexity="1">
              <lines>
                <line number="25" hits="0" branch="False" />
                <line number="26" hits="0" branch="False" />
                <line number="27" hits="0" branch="False" />
                <line number="28" hits="0" branch="False" />
                <line number="29" hits="0" branch="False" />
              </lines>
            </method>
            <method name="ToString" signature="()" line-rate="0" branch-rate="1" complexity="1">
              <lines>
                <line number="32" hits="0" branch="False" />
                <line number="33" hits="0" branch="False" />
                <line number="34" hits="0" branch="False" />
              </lines>
            </method>
            <method name="CompareTo" signature="(System.Object)" line-rate="0" branch-rate="0" complexity="4">
              <lines>
                <line number="37" hits="0" branch="False" />
                <line number="38" hits="0" branch="False" />
                <line number="39" hits="0" branch="False" />
                <line number="40" hits="0" branch="True" condition-coverage="0% (0/2)">
                  <conditions>
                    <condition number="16" type="jump" coverage="0%" />
                  </conditions>
                </line>
                <line number="41" hits="0" branch="False" />
                <line number="42" hits="0" branch="False" />
                <line number="43" hits="0" branch="True" condition-coverage="0% (0/2)">
                  <conditions>
                    <condition number="33" type="jump" coverage="0%" />
                  </conditions>
                </line>
                <line number="44" hits="0" branch="False" />
                <line number="45" hits="0" branch="False" />
                <line number="46" hits="0" branch="False" />
                <line number="47" hits="0" branch="False" />
                <line number="48" hits="0" branch="False" />
                <line number="49" hits="0" branch="False" />
              </lines>
            </method>
            <method name="Clone" signature="()" line-rate="0" branch-rate="1" complexity="1">
              <lines>
                <line number="52" hits="0" branch="False" />
                <line number="53" hits="0" branch="False" />
                <line number="54" hits="0" branch="False" />
                <line number="55" hits="0" branch="False" />
                <line number="56" hits="0" branch="False" />
              </lines>
            </method>
            <method name="BaseOrganisation" signature="()" line-rate="0" branch-rate="1" complexity="1">
              <lines>
                <line number="59" hits="0" branch="False" />
                <line number="60" hits="0" branch="False" />
                <line number="61" hits="0" branch="False" />
              </lines>
            </method>
            <method name=".ctor" signature="(System.String,System.String,System.Int32,System.Double)" line-rate="0" branch-rate="1" complexity="1">
              <lines>
                <line number="14" hits="0" branch="False" />
                <line number="15" hits="0" branch="False" />
                <line number="16" hits="0" branch="False" />
                <line number="17" hits="0" branch="False" />
              </lines>
            </method>
            <method name=".ctor" signature="(System.Random&amp;)" line-rate="0" branch-rate="1" complexity="1">
              <lines>
                <line number="19" hits="0" branch="False" />
                <line number="20" hits="0" branch="False" />
                <line number="21" hits="0" branch="False" />
                <line number="22" hits="0" branch="False" />
              </lines>
            </method>
          </methods>
          <lines>
            <line number="12" hits="0" branch="False" />
            <line number="25" hits="0" branch="False" />
            <line number="26" hits="0" branch="False" />
            <line number="27" hits="0" branch="False" />
            <line number="28" hits="0" branch="False" />
            <line number="29" hits="0" branch="False" />
            <line number="32" hits="0" branch="False" />
            <line number="33" hits="0" branch="False" />
            <line number="34" hits="0" branch="False" />
            <line number="37" hits="0" branch="False" />
            <line number="38" hits="0" branch="False" />
            <line number="39" hits="0" branch="False" />
            <line number="40" hits="0" branch="True" condition-coverage="0% (0/2)">
              <conditions>
                <condition number="16" type="jump" coverage="0%" />
              </conditions>
            </line>
            <line number="41" hits="0" branch="False" />
            <line number="42" hits="0" branch="False" />
            <line number="43" hits="0" branch="True" condition-coverage="0% (0/2)">
              <conditions>
                <condition number="33" type="jump" coverage="0%" />
              </conditions>
            </line>
            <line number="44" hits="0" branch="False" />
            <line number="45" hits="0" branch="False" />
            <line number="46" hits="0" branch="False" />
            <line number="47" hits="0" branch="False" />
            <line number="48" hits="0" branch="False" />
            <line number="49" hits="0" branch="False" />
            <line number="52" hits="0" branch="False" />
            <line number="53" hits="0" branch="False" />
            <line number="54" hits="0" branch="False" />
            <line number="55" hits="0" branch="False" />
            <line number="56" hits="0" branch="False" />
            <line number="59" hits="0" branch="False" />
            <line number="60" hits="0" branch="False" />
            <line number="61" hits="0" branch="False" />
            <line number="14" hits="0" branch="False" />
            <line number="15" hits="0" branch="False" />
            <line number="16" hits="0" branch="False" />
            <line number="17" hits="0" branch="False" />
            <line number="19" hits="0" branch="False" />
            <line number="20" hits="0" branch="False" />
            <line number="21" hits="0" branch="False" />
            <line number="22" hits="0" branch="False" />
          </lines>
        </class>
        <class name="LW_2_13.MyNewStack`1" filename="LW_2_13\MyNewStack.cs" line-rate="1" branch-rate="0.9772" complexity="50">
          <methods>
            <method name="get_Name" signature="()" line-rate="1" branch-rate="1" complexity="1">
              <lines>
                <line number="11" hits="88" branch="False" />
              </lines>
            </method>
            <method name="OnCollectionReferenceChanged" signature="(System.Object,LW_2_13.MyStackHandlerEventArgs`1&lt;T&gt;)" line-rate="1" branch-rate="1" complexity="2">
              <lines>
                <line number="22" hits="5" branch="False" />
                <line number="23" hits="5" branch="True" condition-coverage="100% (2/2)">
                  <conditions>
                    <condition number="12" type="jump" coverage="100%" />
                  </conditions>
                </line>
                <line number="24" hits="2" branch="False" />
                <line number="25" hits="5" branch="False" />
              </lines>
            </method>
            <method name="OnCollectionCountChanged" signature="(System.Object,LW_2_13.MyStackHandlerEventArgs`1&lt;T&gt;)" line-rate="1" branch-rate="1" complexity="2">
              <lines>
                <line number="28" hits="50" branch="False" />
                <line number="29" hits="50" branch="True" condition-coverage="100% (2/2)">
                  <conditions>
                    <condition number="12" type="jump" coverage="100%" />
                  </conditions>
                </line>
                <line number="30" hits="3" branch="False" />
                <line number="31" hits="50" branch="False" />
              </lines>
            </method>
            <method name="Push" signature="(T)" line-rate="1" branch-rate="1" complexity="1">
              <lines>
                <line number="36" hits="38" branch="False" />
                <line number="37" hits="38" branch="False" />
                <line number="38" hits="38" branch="False" />
                <line number="39" hits="38" branch="False" />
              </lines>
            </method>
            <method name="Push" signature="(T[])" line-rate="1" branch-rate="1" complexity="1">
              <lines>
                <line number="42" hits="6" branch="False" />
                <line number="43" hits="6" branch="False" />
                <line number="44" hits="6" branch="False" />
                <line number="45" hits="6" branch="False" />
              </lines>
            </method>
            <method name="Remove" signature="()" line-rate="1" branch-rate="1" complexity="1">
              <lines>
                <line number="48" hits="1" branch="False" />
                <line number="49" hits="1" branch="False" />
                <line number="50" hits="1" branch="False" />
                <line number="51" hits="1" branch="False" />
              </lines>
            </method>
            <method name="Remove" signature="(System.Int32)" line-rate="1" branch-rate="1" complexity="18">
              <lines>
                <line number="54" hits="7" branch="False" />
                <line number="55" hits="7" branch="True" condition-coverage="100% (6/6)">
                  <conditions>
                    <condition number="7" type="jump" coverage="100%" />
                    <condition number="11" type="jump" coverage="100%" />
                    <condition number="27" type="jump" coverage="100%" />
                  </conditions>
                </line>
                <line number="56" hits="4" branch="False" />
                <line number="57" hits="4" branch="True" condition-coverage="100% (4/4)">
                  <conditions>
                    <condition number="40" type="jump" coverage="100%" />
                    <condition number="51" type="jump" coverage="100%" />
                  </conditions>
                </line>
                <line number="58" hits="2" branch="False" />
                <line number="59" hits="2" branch="False" />
                <line number="61" hits="10" branch="True" condition-coverage="100% (2/2)">
                  <conditions>
                    <condition number="105" type="jump" coverage="100%" />
                  </conditions>
                </line>
                <line number="62" hits="3" branch="False" />
                <line number="63" hits="3" branch="True" condition-coverage="100% (2/2)">
                  <conditions>
                    <condition number="78" type="jump" coverage="100%" />
                  </conditions>
                </line>
                <line number="64" hits="3" branch="False" />
                <line number="65" hits="3" branch="False" />
                <line number="66" hits="3" branch="False" />
                <line number="67" hits="3" branch="False" />
                <line number="69" hits="4" branch="True" condition-coverage="100% (2/2)">
                  <conditions>
                    <condition number="120" type="jump" coverage="100%" />
                  </conditions>
                </line>
                <line number="70" hits="3" branch="True" condition-coverage="100% (2/2)">
                  <conditions>
                    <condition number="152" type="jump" coverage="100%" />
                  </conditions>
                </line>
                <line number="72" hits="2" branch="False" />
                <line number="73" hits="2" branch="False" />
                <line number="75" hits="2" branch="False" />
                <line number="76" hits="2" branch="False" />
                <line number="79" hits="2" branch="False" />
                <line number="80" hits="2" branch="False" />
                <line number="81" hits="2" branch="False" />
                <line number="82" hits="2" branch="False" />
                <line number="83" hits="2" branch="False" />
                <line number="87" hits="3" branch="False" />
                <line number="88" hits="7" branch="False" />
              </lines>
            </method>
            <method name="Dispose" signature="()" line-rate="1" branch-rate="1" complexity="1">
              <lines>
                <line number="91" hits="1" branch="False" />
                <line number="92" hits="1" branch="False" />
                <line number="93" hits="1" branch="False" />
                <line number="94" hits="1" branch="False" />
              </lines>
            </method>
            <method name="get_Item" signature="(System.Int32)" line-rate="1" branch-rate="1" complexity="6">
              <lines>
                <line number="99" hits="8" branch="False" />
                <line number="100" hits="8" branch="True" condition-coverage="100% (4/4)">
                  <conditions>
                    <condition number="3" type="jump" coverage="100%" />
                    <condition number="19" type="jump" coverage="100%" />
                  </conditions>
                </line>
                <line number="101" hits="6" branch="False" />
                <line number="102" hits="6" branch="False" />
                <line number="103" hits="6" branch="False" />
                <line number="104" hits="24" branch="True" condition-coverage="100% (2/2)">
                  <conditions>
                    <condition number="59" type="jump" coverage="100%" />
                  </conditions>
                </line>
                <line number="105" hits="6" branch="False" />
                <line number="106" hits="6" branch="False" />
                <line number="107" hits="6" branch="False" />
                <line number="108" hits="6" branch="False" />
                <line number="111" hits="2" branch="False" />
                <line number="112" hits="2" branch="False" />
                <line number="114" hits="6" branch="False" />
              </lines>
            </method>
            <method name="set_Item" signature="(System.Int32,T)" line-rate="1" branch-rate="1" complexity="6">
              <lines>
                <line number="116" hits="5" branch="False" />
                <line number="117" hits="5" branch="True" condition-coverage="100% (4/4)">
                  <conditions>
                    <condition number="3" type="jump" coverage="100%" />
                    <condition number="19" type="jump" coverage="100%" />
                  </conditions>
                </line>
                <line number="118" hits="3" branch="False" />
                <line number="119" hits="3" branch="False" />
                <line number="120" hits="12" branch="True" condition-coverage="100% (2/2)">
                  <conditions>
                    <condition number="52" type="jump" coverage="100%" />
                  </conditions>
                </line>
                <line number="121" hits="3" branch="False" />
                <line number="122" hits="3" branch="False" />
                <line number="123" hits="3" branch="False" />
                <line number="124" hits="3" branch="False" />
                <line number="125" hits="3" branch="False" />
                <line number="126" hits="3" branch="False" />
                <line number="128" hits="2" branch="False" />
                <line number="129" hits="2" branch="False" />
                <line number="131" hits="3" branch="False" />
              </lines>
            </method>
            <method name="Sort" signature="()" line-rate="1" branch-rate="0.9" complexity="10">
              <lines>
                <line number="135" hits="1" branch="False" />
                <line number="136" hits="4" branch="True" condition-coverage="100% (2/2)">
                  <conditions>
                    <condition number="165" type="jump" coverage="100%" />
                  </conditions>
                </line>
                <line number="137" hits="1" branch="False" />
                <line number="138" hits="1" branch="False" />
                <line number="141" hits="2" branch="True" condition-coverage="100% (2/2)">
                  <conditions>
                    <condition number="36" type="jump" coverage="100%" />
                  </conditions>
                </line>
                <line number="142" hits="1" branch="False" />
                <line number="144" hits="4" branch="True" condition-coverage="100% (2/2)">
                  <conditions>
                    <condition number="145" type="jump" coverage="100%" />
                  </conditions>
                </line>
                <line number="145" hits="1" branch="False" />
                <line number="146" hits="1" branch="True" condition-coverage="75% (3/4)">
                  <conditions>
                    <condition number="63" type="jump" coverage="50%" />
                    <condition number="98" type="jump" coverage="100%" />
                  </conditions>
                </line>
                <line number="147" hits="1" branch="False" />
                <line number="148" hits="1" branch="False" />
                <line number="149" hits="1" branch="False" />
                <line number="150" hits="1" branch="False" />
                <line number="151" hits="1" branch="False" />
                <line number="152" hits="1" branch="False" />
                <line number="153" hits="1" branch="False" />
              </lines>
            </method>
            <method name="Swap" signature="(LW_2_13.Element`1&lt;T&gt;,LW_2_13.Element`1&lt;T&gt;)" line-rate="1" branch-rate="1" complexity="1">
              <lines>
                <line number="156" hits="1" branch="False" />
                <line number="157" hits="1" branch="False" />
                <line number="158" hits="1" branch="False" />
                <line number="159" hits="1" branch="False" />
                <line number="160" hits="1" branch="False" />
                <line number="161" hits="1" branch="False" />
                <line number="162" hits="1" branch="False" />
                <line number="163" hits="1" branch="False" />
                <line number="164" hits="1" branch="False" />
                <line number="165" hits="1" branch="False" />
              </lines>
            </method>
          </methods>
          <lines>
            <line number="11" hits="88" branch="False" />
            <line number="22" hits="5" branch="False" />
            <line number="23" hits="5" branch="True" condition-coverage="100% (2/2)">
              <conditions>
                <condition number="12" type="jump" coverage="100%" />
              </conditions>
            </line>
            <line number="24" hits="2" branch="False" />
            <line number="25" hits="5" branch="False" />
            <line number="28" hits="50" branch="False" />
            <line number="29" hits="50" branch="True" condition-coverage="100% (2/2)">
              <conditions>
                <condition number="12" type="jump" coverage="100%" />
              </conditions>
            </line>
            <line number="30" hits="3" branch="False" />
            <line number="31" hits="50" branch="False" />
            <line number="36" hits="38" branch="False" />
            <line number="37" hits="38" branch="False" />
            <line number="38" hits="38" branch="False" />
            <line number="39" hits="38" branch="False" />
            <line number="42" hits="6" branch="False" />
            <line number="43" hits="6" branch="False" />
            <line number="44" hits="6" branch="False" />
            <line number="45" hits="6" branch="False" />
            <line number="48" hits="1" branch="False" />
            <line number="49" hits="1" branch="False" />
            <line number="50" hits="1" branch="False" />
            <line number="51" hits="1" branch="False" />
            <line number="54" hits="7" branch="False" />
            <line number="55" hits="7" branch="True" condition-coverage="100% (6/6)">
              <conditions>
                <condition number="7" type="jump" coverage="100%" />
                <condition number="11" type="jump" coverage="100%" />
                <condition number="27" type="jump" coverage="100%" />
              </conditions>
            </line>
            <line number="56" hits="4" branch="False" />
            <line number="57" hits="4" branch="True" condition-coverage="100% (4/4)">
              <conditions>
                <condition number="40" type="jump" coverage="100%" />
                <condition number="51" type="jump" coverage="100%" />
              </conditions>
            </line>
            <line number="58" hits="2" branch="False" />
            <line number="59" hits="2" branch="False" />
            <line number="61" hits="10" branch="True" condition-coverage="100% (2/2)">
              <conditions>
                <condition number="105" type="jump" coverage="100%" />
              </conditions>
            </line>
            <line number="62" hits="3" branch="False" />
            <line number="63" hits="3" branch="True" condition-coverage="100% (2/2)">
              <conditions>
                <condition number="78" type="jump" coverage="100%" />
              </conditions>
            </line>
            <line number="64" hits="3" branch="False" />
            <line number="65" hits="3" branch="False" />
            <line number="66" hits="3" branch="False" />
            <line number="67" hits="3" branch="False" />
            <line number="69" hits="4" branch="True" condition-coverage="100% (2/2)">
              <conditions>
                <condition number="120" type="jump" coverage="100%" />
              </conditions>
            </line>
            <line number="70" hits="3" branch="True" condition-coverage="100% (2/2)">
              <conditions>
                <condition number="152" type="jump" coverage="100%" />
              </conditions>
            </line>
            <line number="72" hits="2" branch="False" />
            <line number="73" hits="2" branch="False" />
            <line number="75" hits="2" branch="False" />
            <line number="76" hits="2" branch="False" />
            <line number="79" hits="2" branch="False" />
            <line number="80" hits="2" branch="False" />
            <line number="81" hits="2" branch="False" />
            <line number="82" hits="2" branch="False" />
            <line number="83" hits="2" branch="False" />
            <line number="87" hits="3" branch="False" />
            <line number="88" hits="7" branch="False" />
            <line number="91" hits="1" branch="False" />
            <line number="92" hits="1" branch="False" />
            <line number="93" hits="1" branch="False" />
            <line number="94" hits="1" branch="False" />
            <line number="99" hits="8" branch="False" />
            <line number="100" hits="8" branch="True" condition-coverage="100% (4/4)">
              <conditions>
                <condition number="3" type="jump" coverage="100%" />
                <condition number="19" type="jump" coverage="100%" />
              </conditions>
            </line>
            <line number="101" hits="6" branch="False" />
            <line number="102" hits="6" branch="False" />
            <line number="103" hits="6" branch="False" />
            <line number="104" hits="24" branch="True" condition-coverage="100% (2/2)">
              <conditions>
                <condition number="59" type="jump" coverage="100%" />
              </conditions>
            </line>
            <line number="105" hits="6" branch="False" />
            <line number="106" hits="6" branch="False" />
            <line number="107" hits="6" branch="False" />
            <line number="108" hits="6" branch="False" />
            <line number="111" hits="2" branch="False" />
            <line number="112" hits="2" branch="False" />
            <line number="114" hits="6" branch="False" />
            <line number="116" hits="5" branch="False" />
            <line number="117" hits="5" branch="True" condition-coverage="100% (4/4)">
              <conditions>
                <condition number="3" type="jump" coverage="100%" />
                <condition number="19" type="jump" coverage="100%" />
              </conditions>
            </line>
            <line number="118" hits="3" branch="False" />
            <line number="119" hits="3" branch="False" />
            <line number="120" hits="12" branch="True" condition-coverage="100% (2/2)">
              <conditions>
                <condition number="52" type="jump" coverage="100%" />
              </conditions>
            </line>
            <line number="121" hits="3" branch="False" />
            <line number="122" hits="3" branch="False" />
            <line number="123" hits="3" branch="False" />
            <line number="124" hits="3" branch="False" />
            <line number="125" hits="3" branch="False" />
            <line number="126" hits="3" branch="False" />
            <line number="128" hits="2" branch="False" />
            <line number="129" hits="2" branch="False" />
            <line number="131" hits="3" branch="False" />
            <line number="135" hits="1" branch="False" />
            <line number="136" hits="4" branch="True" condition-coverage="100% (2/2)">
              <conditions>
                <condition number="165" type="jump" coverage="100%" />
              </conditions>
            </line>
            <line number="137" hits="1" branch="False" />
            <line number="138" hits="1" branch="False" />
            <line number="141" hits="2" branch="True" condition-coverage="100% (2/2)">
              <conditions>
                <condition number="36" type="jump" coverage="100%" />
              </conditions>
            </line>
            <line number="142" hits="1" branch="False" />
            <line number="144" hits="4" branch="True" condition-coverage="100% (2/2)">
              <conditions>
                <condition number="145" type="jump" coverage="100%" />
              </conditions>
            </line>
            <line number="145" hits="1" branch="False" />
            <line number="146" hits="1" branch="True" condition-coverage="75% (3/4)">
              <conditions>
                <condition number="63" type="jump" coverage="50%" />
                <condition number="98" type="jump" coverage="100%" />
              </conditions>
            </line>
            <line number="147" hits="1" branch="False" />
            <line number="148" hits="1" branch="False" />
            <line number="149" hits="1" branch="False" />
            <line number="150" hits="1" branch="False" />
            <line number="151" hits="1" branch="False" />
            <line number="152" hits="1" branch="False" />
            <line number="153" hits="1" branch="False" />
            <line number="156" hits="1" branch="False" />
            <line number="157" hits="1" branch="False" />
            <line number="158" hits="1" branch="False" />
            <line number="159" hits="1" branch="False" />
            <line number="160" hits="1" branch="False" />
            <line number="161" hits="1" branch="False" />
            <line number="162" hits="1" branch="False" />
            <line number="163" hits="1" branch="False" />
            <line number="164" hits="1" branch="False" />
            <line number="165" hits="1" branch="False" />
          </lines>
        </class>
        <class name="LW_2_13.MyStackHandlerEventArgs`1" filename="LW_2_13\MyNewStack.cs" line-rate="0.75" branch-rate="1" complexity="5">
          <methods>
            <method name="get_Name" signature="()" line-rate="1" branch-rate="1" complexity="1">
              <lines>
                <line number="170" hits="60" branch="False" />
              </lines>
            </method>
            <method name="get_Description" signature="()" line-rate="1" branch-rate="1" complexity="1">
              <lines>
                <line number="171" hits="60" branch="False" />
              </lines>
            </method>
            <method name="get_Obj" signature="()" line-rate="1" branch-rate="1" complexity="1">
              <lines>
                <line number="172" hits="60" branch="False" />
              </lines>
            </method>
            <method name="ToString" signature="()" line-rate="0" branch-rate="1" complexity="1">
              <lines>
                <line number="182" hits="0" branch="False" />
                <line number="183" hits="0" branch="False" />
                <line number="184" hits="0" branch="False" />
              </lines>
            </method>
            <method name=".ctor" signature="(System.String,System.String,T)" line-rate="1" branch-rate="1" complexity="1">
              <lines>
                <line number="174" hits="55" branch="False" />
                <line number="175" hits="55" branch="False" />
                <line number="176" hits="55" branch="False" />
                <line number="177" hits="55" branch="False" />
                <line number="178" hits="55" branch="False" />
                <line number="179" hits="55" branch="False" />
              </lines>
            </method>
          </methods>
          <lines>
            <line number="170" hits="60" branch="False" />
            <line number="171" hits="60" branch="False" />
            <line number="172" hits="60" branch="False" />
            <line number="182" hits="0" branch="False" />
            <line number="183" hits="0" branch="False" />
            <line number="184" hits="0" branch="False" />
            <line number="174" hits="55" branch="False" />
            <line number="175" hits="55" branch="False" />
            <line number="176" hits="55" branch="False" />
            <line number="177" hits="55" branch="False" />
            <line number="178" hits="55" branch="False" />
            <line number="179" hits="55" branch="False" />
          </lines>
        </class>
        <class name="LW_2_13.MyStack`1" filename="LW_2_13\MyStack.cs" line-rate="0.4604" branch-rate="0.25" complexity="54">
          <methods>
            <method name="get_Count" signature="()" line-rate="1" branch-rate="1" complexity="2">
              <lines>
                <line number="14" hits="36" branch="False" />
                <line number="15" hits="36" branch="False" />
                <line number="16" hits="36" branch="False" />
                <line number="17" hits="127" branch="True" condition-coverage="100% (2/2)">
                  <conditions>
                    <condition number="31" type="jump" coverage="100%" />
                  </conditions>
                </line>
                <line number="18" hits="91" branch="False" />
                <line number="19" hits="91" branch="False" />
                <line number="20" hits="91" branch="False" />
                <line number="21" hits="91" branch="False" />
                <line number="22" hits="36" branch="False" />
                <line number="23" hits="36" branch="False" />
              </lines>
            </method>
            <method name="Push" signature="(T)" line-rate="1" branch-rate="1" complexity="2">
              <lines>
                <line number="59" hits="55" branch="False" />
                <line number="60" hits="55" branch="True" condition-coverage="100% (2/2)">
                  <conditions>
                    <condition number="12" type="jump" coverage="100%" />
                  </conditions>
                </line>
                <line number="61" hits="21" branch="False" />
                <line number="63" hits="21" branch="False" />
                <line number="64" hits="21" branch="False" />
                <line number="66" hits="34" branch="False" />
                <line number="68" hits="34" branch="False" />
                <line number="70" hits="34" branch="False" />
                <line number="72" hits="34" branch="False" />
                <line number="73" hits="34" branch="False" />
                <line number="74" hits="55" branch="False" />
              </lines>
            </method>
            <method name="Push" signature="(T[])" line-rate="1" branch-rate="1" complexity="2">
              <lines>
                <line number="77" hits="6" branch="False" />
                <line number="78" hits="46" branch="True" condition-coverage="100% (2/2)">
                  <conditions>
                    <condition number="33" type="jump" coverage="100%" />
                  </conditions>
                </line>
                <line number="79" hits="17" branch="False" />
                <line number="80" hits="17" branch="False" />
                <line number="81" hits="17" branch="False" />
                <line number="82" hits="6" branch="False" />
              </lines>
            </method>
            <method name="Get" signature="()" line-rate="0.8" branch-rate="0.5" complexity="2">
              <lines>
                <line number="85" hits="2" branch="False" />
                <line number="86" hits="2" branch="True" condition-coverage="50% (1/2)">
                  <conditions>
                    <condition number="12" type="jump" coverage="50%" />
                  </conditions>
                </line>
                <line number="87" hits="2" branch="False" />
                <line number="89" hits="0" branch="False" />
                <line number="90" hits="2" branch="False" />
              </lines>
            </method>
            <method name="GetAsElement" signature="()" line-rate="1" branch-rate="1" complexity="1">
              <lines>
                <line number="93" hits="6" branch="False" />
                <line number="94" hits="6" branch="False" />
                <line number="95" hits="6" branch="False" />
              </lines>
            </method>
            <method name="Remove" signature="()" line-rate="0.9" branch-rate="0.5" complexity="2">
              <lines>
                <line number="98" hits="6" branch="False" />
                <line number="99" hits="6" branch="True" condition-coverage="50% (1/2)">
                  <conditions>
                    <condition number="12" type="jump" coverage="50%" />
                  </conditions>
                </line>
                <line number="100" hits="6" branch="False" />
                <line number="101" hits="6" branch="False" />
                <line number="102" hits="6" branch="False" />
                <line number="103" hits="6" branch="False" />
                <line number="104" hits="6" branch="False" />
                <line number="105" hits="6" branch="False" />
                <line number="108" hits="0" branch="False" />
                <line number="109" hits="6" branch="False" />
              </lines>
            </method>
            <method name="Remove" signature="(System.Int32)" line-rate="1" branch-rate="1" complexity="2">
              <lines>
                <line number="112" hits="1" branch="False" />
                <line number="113" hits="8" branch="True" condition-coverage="100% (2/2)">
                  <conditions>
                    <condition number="24" type="jump" coverage="100%" />
                  </conditions>
                </line>
                <line number="114" hits="3" branch="False" />
                <line number="115" hits="3" branch="False" />
                <line number="116" hits="3" branch="False" />
                <line number="117" hits="1" branch="False" />
              </lines>
            </method>
            <method name="GetEnumerator" signature="()" line-rate="1" branch-rate="1" complexity="1">
              <lines>
                <line number="120" hits="6" branch="False" />
                <line number="121" hits="6" branch="False" />
                <line number="122" hits="6" branch="False" />
              </lines>
            </method>
            <method name="System.Collections.IEnumerable.GetEnumerator" signature="()" line-rate="0" branch-rate="1" complexity="1">
              <lines>
                <line number="125" hits="0" branch="False" />
                <line number="126" hits="0" branch="False" />
                <line number="127" hits="0" branch="False" />
              </lines>
            </method>
            <method name="Contains" signature="(T)" line-rate="0" branch-rate="0" complexity="10">
              <lines>
                <line number="130" hits="0" branch="False" />
                <line number="131" hits="0" branch="True" condition-coverage="0% (0/4)">
                  <conditions>
                    <condition number="8" type="jump" coverage="0%" />
                    <condition number="24" type="jump" coverage="0%" />
                  </conditions>
                </line>
                <line number="132" hits="0" branch="False" />
                <line number="133" hits="0" branch="True" condition-coverage="0% (0/2)">
                  <conditions>
                    <condition number="91" type="jump" coverage="0%" />
                  </conditions>
                </line>
                <line number="134" hits="0" branch="False" />
                <line number="135" hits="0" branch="True" condition-coverage="0% (0/4)">
                  <conditions>
                    <condition number="51" type="jump" coverage="0%" />
                    <condition number="77" type="jump" coverage="0%" />
                  </conditions>
                </line>
                <line number="136" hits="0" branch="False" />
                <line number="137" hits="0" branch="False" />
                <line number="138" hits="0" branch="False" />
                <line number="139" hits="0" branch="False" />
                <line number="140" hits="0" branch="False" />
              </lines>
            </method>
            <method name="Clone" signature="()" line-rate="0" branch-rate="1" complexity="1">
              <lines>
                <line number="143" hits="0" branch="False" />
                <line number="144" hits="0" branch="False" />
                <line number="145" hits="0" branch="False" />
              </lines>
            </method>
            <method name="ShallowCopy" signature="()" line-rate="0" branch-rate="1" complexity="1">
              <lines>
                <line number="148" hits="0" branch="False" />
                <line number="149" hits="0" branch="False" />
                <line number="150" hits="0" branch="False" />
              </lines>
            </method>
            <method name="Show" signature="()" line-rate="0" branch-rate="0" complexity="6">
              <lines>
                <line number="153" hits="0" branch="False" />
                <line number="154" hits="0" branch="False" />
                <line number="155" hits="0" branch="True" condition-coverage="0% (0/2)">
                  <conditions>
                    <condition number="99" type="jump" coverage="0%" />
                  </conditions>
                </line>
                <line number="156" hits="0" branch="False" />
                <line number="157" hits="0" branch="True" condition-coverage="0% (0/2)">
                  <conditions>
                    <condition number="36" type="jump" coverage="0%" />
                  </conditions>
                </line>
                <line number="158" hits="0" branch="True" condition-coverage="0% (0/2)">
                  <conditions>
                    <condition number="49" type="jump" coverage="0%" />
                  </conditions>
                </line>
                <line number="160" hits="0" branch="False" />
                <line number="161" hits="0" branch="False" />
                <line number="162" hits="0" branch="False" />
                <line number="163" hits="0" branch="False" />
              </lines>
            </method>
            <method name="Equals" signature="(System.Object)" line-rate="0" branch-rate="0" complexity="10">
              <lines>
                <line number="166" hits="0" branch="False" />
                <line number="167" hits="0" branch="True" condition-coverage="0% (0/2)">
                  <conditions>
                    <condition number="14" type="jump" coverage="0%" />
                  </conditions>
                </line>
                <line number="168" hits="0" branch="False" />
                <line number="169" hits="0" branch="True" condition-coverage="0% (0/2)">
                  <conditions>
                    <condition number="36" type="jump" coverage="0%" />
                  </conditions>
                </line>
                <line number="170" hits="0" branch="False" />
                <line number="171" hits="0" branch="False" />
                <line number="172" hits="0" branch="False" />
                <line number="174" hits="0" branch="False" />
                <line number="175" hits="0" branch="False" />
                <line number="177" hits="0" branch="True" condition-coverage="0% (0/2)">
                  <conditions>
                    <condition number="162" type="jump" coverage="0%" />
                  </conditions>
                </line>
                <line number="178" hits="0" branch="False" />
                <line number="179" hits="0" branch="True" condition-coverage="0% (0/4)">
                  <conditions>
                    <condition number="81" type="jump" coverage="0%" />
                    <condition number="126" type="jump" coverage="0%" />
                  </conditions>
                </line>
                <line number="180" hits="0" branch="False" />
                <line number="182" hits="0" branch="False" />
                <line number="183" hits="0" branch="False" />
                <line number="184" hits="0" branch="False" />
                <line number="186" hits="0" branch="False" />
                <line number="189" hits="0" branch="False" />
                <line number="190" hits="0" branch="False" />
                <line number="194" hits="0" branch="False" />
                <line number="195" hits="0" branch="False" />
                <line number="197" hits="0" branch="False" />
              </lines>
            </method>
            <method name="Dispose" signature="()" line-rate="1" branch-rate="1" complexity="2">
              <lines>
                <line number="201" hits="1" branch="False" />
                <line number="202" hits="1" branch="True" condition-coverage="100% (2/2)">
                  <conditions>
                    <condition number="12" type="jump" coverage="100%" />
                  </conditions>
                </line>
                <line number="203" hits="1" branch="False" />
                <line number="204" hits="1" branch="False" />
                <line number="205" hits="1" branch="False" />
                <line number="206" hits="1" branch="False" />
                <line number="207" hits="1" branch="False" />
              </lines>
            </method>
            <method name=".ctor" signature="()" line-rate="1" branch-rate="1" complexity="1">
              <lines>
                <line number="27" hits="22" branch="False" />
                <line number="29" hits="22" branch="False" />
                <line number="30" hits="22" branch="False" />
                <line number="31" hits="22" branch="False" />
                <line number="32" hits="22" branch="False" />
              </lines>
            </method>
            <method name=".ctor" signature="(System.Int32)" line-rate="0" branch-rate="0" complexity="4">
              <lines>
                <line number="34" hits="0" branch="False" />
                <line number="35" hits="0" branch="False" />
                <line number="36" hits="0" branch="True" condition-coverage="0% (0/2)">
                  <conditions>
                    <condition number="21" type="jump" coverage="0%" />
                  </conditions>
                </line>
                <line number="38" hits="0" branch="True" condition-coverage="0% (0/2)">
                  <conditions>
                    <condition number="66" type="jump" coverage="0%" />
                  </conditions>
                </line>
                <line number="39" hits="0" branch="False" />
                <line number="40" hits="0" branch="False" />
                <line number="41" hits="0" branch="False" />
                <line number="42" hits="0" branch="False" />
              </lines>
            </method>
            <method name=".ctor" signature="(LW_2_13.MyStack`1&lt;T&gt;)" line-rate="0" branch-rate="0" complexity="4">
              <lines>
                <line number="44" hits="0" branch="False" />
                <line number="45" hits="0" branch="False" />
                <line number="46" hits="0" branch="False" />
                <line number="47" hits="0" branch="True" condition-coverage="0% (0/2)">
                  <conditions>
                    <condition number="54" type="jump" coverage="0%" />
                  </conditions>
                </line>
                <line number="48" hits="0" branch="False" />
                <line number="49" hits="0" branch="False" />
                <line number="50" hits="0" branch="False" />
                <line number="51" hits="0" branch="False" />
                <line number="52" hits="0" branch="True" condition-coverage="0% (0/2)">
                  <conditions>
                    <condition number="113" type="jump" coverage="0%" />
                  </conditions>
                </line>
                <line number="53" hits="0" branch="False" />
                <line number="54" hits="0" branch="False" />
                <line number="55" hits="0" branch="False" />
                <line number="56" hits="0" branch="False" />
              </lines>
            </method>
          </methods>
          <lines>
            <line number="14" hits="36" branch="False" />
            <line number="15" hits="36" branch="False" />
            <line number="16" hits="36" branch="False" />
            <line number="17" hits="127" branch="True" condition-coverage="100% (2/2)">
              <conditions>
                <condition number="31" type="jump" coverage="100%" />
              </conditions>
            </line>
            <line number="18" hits="91" branch="False" />
            <line number="19" hits="91" branch="False" />
            <line number="20" hits="91" branch="False" />
            <line number="21" hits="91" branch="False" />
            <line number="22" hits="36" branch="False" />
            <line number="23" hits="36" branch="False" />
            <line number="59" hits="55" branch="False" />
            <line number="60" hits="55" branch="True" condition-coverage="100% (2/2)">
              <conditions>
                <condition number="12" type="jump" coverage="100%" />
              </conditions>
            </line>
            <line number="61" hits="21" branch="False" />
            <line number="63" hits="21" branch="False" />
            <line number="64" hits="21" branch="False" />
            <line number="66" hits="34" branch="False" />
            <line number="68" hits="34" branch="False" />
            <line number="70" hits="34" branch="False" />
            <line number="72" hits="34" branch="False" />
            <line number="73" hits="34" branch="False" />
            <line number="74" hits="55" branch="False" />
            <line number="77" hits="6" branch="False" />
            <line number="78" hits="46" branch="True" condition-coverage="100% (2/2)">
              <conditions>
                <condition number="33" type="jump" coverage="100%" />
              </conditions>
            </line>
            <line number="79" hits="17" branch="False" />
            <line number="80" hits="17" branch="False" />
            <line number="81" hits="17" branch="False" />
            <line number="82" hits="6" branch="False" />
            <line number="85" hits="2" branch="False" />
            <line number="86" hits="2" branch="True" condition-coverage="50% (1/2)">
              <conditions>
                <condition number="12" type="jump" coverage="50%" />
              </conditions>
            </line>
            <line number="87" hits="2" branch="False" />
            <line number="89" hits="0" branch="False" />
            <line number="90" hits="2" branch="False" />
            <line number="93" hits="6" branch="False" />
            <line number="94" hits="6" branch="False" />
            <line number="95" hits="6" branch="False" />
            <line number="98" hits="6" branch="False" />
            <line number="99" hits="6" branch="True" condition-coverage="50% (1/2)">
              <conditions>
                <condition number="12" type="jump" coverage="50%" />
              </conditions>
            </line>
            <line number="100" hits="6" branch="False" />
            <line number="101" hits="6" branch="False" />
            <line number="102" hits="6" branch="False" />
            <line number="103" hits="6" branch="False" />
            <line number="104" hits="6" branch="False" />
            <line number="105" hits="6" branch="False" />
            <line number="108" hits="0" branch="False" />
            <line number="109" hits="6" branch="False" />
            <line number="112" hits="1" branch="False" />
            <line number="113" hits="8" branch="True" condition-coverage="100% (2/2)">
              <conditions>
                <condition number="24" type="jump" coverage="100%" />
              </conditions>
            </line>
            <line number="114" hits="3" branch="False" />
            <line number="115" hits="3" branch="False" />
            <line number="116" hits="3" branch="False" />
            <line number="117" hits="1" branch="False" />
            <line number="120" hits="6" branch="False" />
            <line number="121" hits="6" branch="False" />
            <line number="122" hits="6" branch="False" />
            <line number="125" hits="0" branch="False" />
            <line number="126" hits="0" branch="False" />
            <line number="127" hits="0" branch="False" />
            <line number="130" hits="0" branch="False" />
            <line number="131" hits="0" branch="True" condition-coverage="0% (0/4)">
              <conditions>
                <condition number="8" type="jump" coverage="0%" />
                <condition number="24" type="jump" coverage="0%" />
              </conditions>
            </line>
            <line number="132" hits="0" branch="False" />
            <line number="133" hits="0" branch="True" condition-coverage="0% (0/2)">
              <conditions>
                <condition number="91" type="jump" coverage="0%" />
              </conditions>
            </line>
            <line number="134" hits="0" branch="False" />
            <line number="135" hits="0" branch="True" condition-coverage="0% (0/4)">
              <conditions>
                <condition number="51" type="jump" coverage="0%" />
                <condition number="77" type="jump" coverage="0%" />
              </conditions>
            </line>
            <line number="136" hits="0" branch="False" />
            <line number="137" hits="0" branch="False" />
            <line number="138" hits="0" branch="False" />
            <line number="139" hits="0" branch="False" />
            <line number="140" hits="0" branch="False" />
            <line number="143" hits="0" branch="False" />
            <line number="144" hits="0" branch="False" />
            <line number="145" hits="0" branch="False" />
            <line number="148" hits="0" branch="False" />
            <line number="149" hits="0" branch="False" />
            <line number="150" hits="0" branch="False" />
            <line number="153" hits="0" branch="False" />
            <line number="154" hits="0" branch="False" />
            <line number="155" hits="0" branch="True" condition-coverage="0% (0/2)">
              <conditions>
                <condition number="99" type="jump" coverage="0%" />
              </conditions>
            </line>
            <line number="156" hits="0" branch="False" />
            <line number="157" hits="0" branch="True" condition-coverage="0% (0/2)">
              <conditions>
                <condition number="36" type="jump" coverage="0%" />
              </conditions>
            </line>
            <line number="158" hits="0" branch="True" condition-coverage="0% (0/2)">
              <conditions>
                <condition number="49" type="jump" coverage="0%" />
              </conditions>
            </line>
            <line number="160" hits="0" branch="False" />
            <line number="161" hits="0" branch="False" />
            <line number="162" hits="0" branch="False" />
            <line number="163" hits="0" branch="False" />
            <line number="166" hits="0" branch="False" />
            <line number="167" hits="0" branch="True" condition-coverage="0% (0/2)">
              <conditions>
                <condition number="14" type="jump" coverage="0%" />
              </conditions>
            </line>
            <line number="168" hits="0" branch="False" />
            <line number="169" hits="0" branch="True" condition-coverage="0% (0/2)">
              <conditions>
                <condition number="36" type="jump" coverage="0%" />
              </conditions>
            </line>
            <line number="170" hits="0" branch="False" />
            <line number="171" hits="0" branch="False" />
            <line number="172" hits="0" branch="False" />
            <line number="174" hits="0" branch="False" />
            <line number="175" hits="0" branch="False" />
            <line number="177" hits="0" branch="True" condition-coverage="0% (0/2)">
              <conditions>
                <condition number="162" type="jump" coverage="0%" />
              </conditions>
            </line>
            <line number="178" hits="0" branch="False" />
            <line number="179" hits="0" branch="True" condition-coverage="0% (0/4)">
              <conditions>
                <condition number="81" type="jump" coverage="0%" />
                <condition number="126" type="jump" coverage="0%" />
              </conditions>
            </line>
            <line number="180" hits="0" branch="False" />
            <line number="182" hits="0" branch="False" />
            <line number="183" hits="0" branch="False" />
            <line number="184" hits="0" branch="False" />
            <line number="186" hits="0" branch="False" />
            <line number="189" hits="0" branch="False" />
            <line number="190" hits="0" branch="False" />
            <line number="194" hits="0" branch="False" />
            <line number="195" hits="0" branch="False" />
            <line number="197" hits="0" branch="False" />
            <line number="201" hits="1" branch="False" />
            <line number="202" hits="1" branch="True" condition-coverage="100% (2/2)">
              <conditions>
                <condition number="12" type="jump" coverage="100%" />
              </conditions>
            </line>
            <line number="203" hits="1" branch="False" />
            <line number="204" hits="1" branch="False" />
            <line number="205" hits="1" branch="False" />
            <line number="206" hits="1" branch="False" />
            <line number="207" hits="1" branch="False" />
            <line number="27" hits="22" branch="False" />
            <line number="29" hits="22" branch="False" />
            <line number="30" hits="22" branch="False" />
            <line number="31" hits="22" branch="False" />
            <line number="32" hits="22" branch="False" />
            <line number="34" hits="0" branch="False" />
            <line number="35" hits="0" branch="False" />
            <line number="36" hits="0" branch="True" condition-coverage="0% (0/2)">
              <conditions>
                <condition number="21" type="jump" coverage="0%" />
              </conditions>
            </line>
            <line number="38" hits="0" branch="True" condition-coverage="0% (0/2)">
              <conditions>
                <condition number="66" type="jump" coverage="0%" />
              </conditions>
            </line>
            <line number="39" hits="0" branch="False" />
            <line number="40" hits="0" branch="False" />
            <line number="41" hits="0" branch="False" />
            <line number="42" hits="0" branch="False" />
            <line number="44" hits="0" branch="False" />
            <line number="45" hits="0" branch="False" />
            <line number="46" hits="0" branch="False" />
            <line number="47" hits="0" branch="True" condition-coverage="0% (0/2)">
              <conditions>
                <condition number="54" type="jump" coverage="0%" />
              </conditions>
            </line>
            <line number="48" hits="0" branch="False" />
            <line number="49" hits="0" branch="False" />
            <line number="50" hits="0" branch="False" />
            <line number="51" hits="0" branch="False" />
            <line number="52" hits="0" branch="True" condition-coverage="0% (0/2)">
              <conditions>
                <condition number="113" type="jump" coverage="0%" />
              </conditions>
            </line>
            <line number="53" hits="0" branch="False" />
[...]
                <line number="192" hits="1" branch="False" />
                <line number="194" hits="1" branch="False" />
                <line number="195" hits="1" branch="False" />
                <line number="197" hits="1" branch="False" />
                <line number="198" hits="1" branch="False" />
              </lines>
            </method>
            <method name="MyNewStackIndexatorGetFirst" signature="()" line-rate="1" branch-rate="1" complexity="1">
              <lines>
                <line number="201" hits="1" branch="False" />
                <line number="202" hits="1" branch="False" />
                <line number="203" hits="1" branch="False" />
                <line number="204" hits="1" branch="False" />
                <line number="205" hits="1" branch="False" />
                <line number="207" hits="1" branch="False" />
                <line number="208" hits="1" branch="False" />
                <line number="210" hits="1" branch="False" />
                <line number="211" hits="1" branch="False" />
              </lines>
            </method>
            <method name="MyNewStackIndexatorGetLast" signature="()" line-rate="1" branch-rate="1" complexity="1">
              <lines>
                <line number="214" hits="1" branch="False" />
                <line number="215" hits="1" branch="False" />
                <line number="216" hits="1" branch="False" />
                <line number="217" hits="1" branch="False" />
                <line number="218" hits="1" branch="False" />
                <line number="220" hits="1" branch="False" />
                <line number="221" hits="1" branch="False" />
                <line number="223" hits="1" branch="False" />
                <line number="224" hits="1" branch="False" />
              </lines>
            </method>
            <method name="MyNewStackIndexatorGetLessIndex" signature="()" line-rate="1" branch-rate="1" complexity="1">
              <lines>
                <line number="227" hits="1" branch="False" />
                <line number="228" hits="1" branch="False" />
                <line number="229" hits="1" branch="False" />
                <line number="230" hits="1" branch="False" />
                <line number="231" hits="1" branch="False" />
                <line number="233" hits="2" branch="False" />
                <line number="234" hits="1" branch="False" />
              </lines>
            </method>
            <method name="MyNewStackIndexatorGetMoreIndex" signature="()" line-rate="1" branch-rate="1" complexity="1">
              <lines>
                <line number="237" hits="1" branch="False" />
                <line number="238" hits="1" branch="False" />
                <line number="239" hits="1" branch="False" />
                <line number="240" hits="1" branch="False" />
                <line number="241" hits="1" branch="False" />
                <line number="243" hits="2" branch="False" />
                <line number="244" hits="1" branch="False" />
              </lines>
            </method>
            <method name="MyNewStackIndexatorSetMiddle" signature="()" line-rate="1" branch-rate="1" complexity="1">
              <lines>
                <line number="247" hits="1" branch="False" />
                <line number="248" hits="1" branch="False" />
                <line number="249" hits="1" branch="False" />
                <line number="250" hits="1" branch="False" />
                <line number="251" hits="1" branch="False" />
                <line number="253" hits="1" branch="False" />
                <line number="255" hits="1" branch="False" />
                <line number="257" hits="1" branch="False" />
                <line number="259" hits="1" branch="False" />
                <line number="260" hits="1" branch="False" />
              </lines>
            </method>
            <method name="MyNewStackIndexatorSetFirst" signature="()" line-rate="1" branch-rate="1" complexity="1">
              <lines>
                <line number="263" hits="1" branch="False" />
                <line number="264" hits="1" branch="False" />
                <line number="265" hits="1" branch="False" />
                <line number="266" hits="1" branch="False" />
                <line number="267" hits="1" branch="False" />
                <line number="269" hits="1" branch="False" />
                <line number="271" hits="1" branch="False" />
                <line number="273" hits="1" branch="False" />
                <line number="275" hits="1" branch="False" />
                <line number="276" hits="1" branch="False" />
              </lines>
            </method>
            <method name="MyNewStackIndexatorSetLast" signature="()" line-rate="1" branch-rate="1" complexity="1">
              <lines>
                <line number="279" hits="1" branch="False" />
                <line number="280" hits="1" branch="False" />
                <line number="281" hits="1" branch="False" />
                <line number="282" hits="1" branch="False" />
                <line number="283" hits="1" branch="False" />
                <line number="285" hits="1" branch="False" />
                <line number="287" hits="1" branch="False" />
                <line number="289" hits="1" branch="False" />
                <line number="291" hits="1" branch="False" />
                <line number="292" hits="1" branch="False" />
              </lines>
            </method>
            <method name="MyNewStackIndexatorSetLessIndex" signature="()" line-rate="1" branch-rate="1" complexity="1">
              <lines>
                <line number="295" hits="1" branch="False" />
                <line number="296" hits="1" branch="False" />
                <line number="297" hits="1" branch="False" />
                <line number="298" hits="1" branch="False" />
                <line number="299" hits="1" branch="False" />
                <line number="301" hits="2" branch="False" />
                <line number="302" hits="1" branch="False" />
              </lines>
            </method>
            <method name="MyNewStackIndexatorSetMoreIndex" signature="()" line-rate="1" branch-rate="1" complexity="1">
              <lines>
                <line number="305" hits="1" branch="False" />
                <line number="306" hits="1" branch="False" />
                <line number="307" hits="1" branch="False" />
                <line number="308" hits="1" branch="False" />
                <line number="309" hits="1" branch="False" />
                <line number="311" hits="2" branch="False" />
                <line number="312" hits="1" branch="False" />
              </lines>
            </method>
            <method name="MyNewStackDispose" signature="()" line-rate="1" branch-rate="1" complexity="1">
              <lines>
                <line number="315" hits="1" branch="False" />
                <line number="316" hits="1" branch="False" />
                <line number="317" hits="1" branch="False" />
                <line number="318" hits="1" branch="False" />
                <line number="319" hits="1" branch="False" />
                <line number="321" hits="1" branch="False" />
                <line number="323" hits="1" branch="False" />
                <line number="324" hits="1" branch="False" />
                <line number="326" hits="1" branch="False" />
                <line number="327" hits="1" branch="False" />
              </lines>
            </method>
            <method name=".ctor" signature="()" line-rate="1" branch-rate="1" complexity="1">
              <lines>
                <line number="10" hits="22" branch="False" />
              </lines>
            </method>
          </methods>
          <lines>
            <line number="15" hits="1" branch="False" />
            <line number="16" hits="1" branch="False" />
            <line number="17" hits="1" branch="False" />
            <line number="18" hits="1" branch="False" />
            <line number="20" hits="1" branch="False" />
            <line number="21" hits="1" branch="False" />
            <line number="23" hits="1" branch="False" />
            <line number="24" hits="1" branch="False" />
            <line number="26" hits="1" branch="False" />
            <line number="27" hits="1" branch="False" />
            <line number="30" hits="1" branch="False" />
            <line number="31" hits="1" branch="False" />
            <line number="32" hits="1" branch="False" />
            <line number="33" hits="1" branch="False" />
            <line number="34" hits="1" branch="False" />
            <line number="36" hits="1" branch="False" />
            <line number="37" hits="1" branch="False" />
            <line number="39" hits="1" branch="False" />
            <line number="40" hits="1" branch="False" />
            <line number="42" hits="1" branch="False" />
            <line number="43" hits="1" branch="False" />
            <line number="46" hits="1" branch="False" />
            <line number="47" hits="1" branch="False" />
            <line number="48" hits="1" branch="False" />
            <line number="49" hits="1" branch="False" />
            <line number="50" hits="1" branch="False" />
            <line number="52" hits="1" branch="False" />
            <line number="53" hits="1" branch="False" />
            <line number="55" hits="1" branch="False" />
            <line number="56" hits="1" branch="False" />
            <line number="58" hits="1" branch="False" />
            <line number="59" hits="1" branch="False" />
            <line number="62" hits="1" branch="False" />
            <line number="63" hits="1" branch="False" />
            <line number="64" hits="1" branch="False" />
            <line number="65" hits="1" branch="False" />
            <line number="66" hits="1" branch="False" />
            <line number="67" hits="1" branch="False" />
            <line number="69" hits="1" branch="False" />
            <line number="71" hits="1" branch="False" />
            <line number="73" hits="1" branch="False" />
            <line number="74" hits="1" branch="False" />
            <line number="76" hits="1" branch="False" />
            <line number="77" hits="1" branch="False" />
            <line number="82" hits="1" branch="False" />
            <line number="83" hits="1" branch="False" />
            <line number="84" hits="1" branch="False" />
            <line number="86" hits="1" branch="False" />
            <line number="87" hits="1" branch="False" />
            <line number="89" hits="1" branch="False" />
            <line number="90" hits="1" branch="False" />
            <line number="92" hits="1" branch="False" />
            <line number="93" hits="1" branch="False" />
            <line number="96" hits="1" branch="False" />
            <line number="97" hits="1" branch="False" />
            <line number="98" hits="1" branch="False" />
            <line number="100" hits="1" branch="False" />
            <line number="101" hits="1" branch="False" />
            <line number="103" hits="1" branch="False" />
            <line number="104" hits="1" branch="False" />
            <line number="107" hits="1" branch="False" />
            <line number="108" hits="1" branch="False" />
            <line number="109" hits="1" branch="False" />
            <line number="111" hits="1" branch="False" />
            <line number="112" hits="1" branch="False" />
            <line number="113" hits="1" branch="False" />
            <line number="115" hits="1" branch="False" />
            <line number="117" hits="1" branch="False" />
            <line number="118" hits="1" branch="False" />
            <line number="120" hits="1" branch="False" />
            <line number="121" hits="1" branch="False" />
            <line number="124" hits="1" branch="False" />
            <line number="125" hits="1" branch="False" />
            <line number="126" hits="1" branch="False" />
            <line number="128" hits="1" branch="False" />
            <line number="129" hits="1" branch="False" />
            <line number="130" hits="1" branch="False" />
            <line number="132" hits="1" branch="False" />
            <line number="134" hits="1" branch="False" />
            <line number="135" hits="1" branch="False" />
            <line number="137" hits="1" branch="False" />
            <line number="138" hits="1" branch="False" />
            <line number="141" hits="1" branch="False" />
            <line number="142" hits="1" branch="False" />
            <line number="143" hits="1" branch="False" />
            <line number="145" hits="1" branch="False" />
            <line number="146" hits="1" branch="False" />
            <line number="147" hits="1" branch="False" />
            <line number="149" hits="1" branch="False" />
            <line number="151" hits="1" branch="False" />
            <line number="152" hits="1" branch="False" />
            <line number="154" hits="1" branch="False" />
            <line number="155" hits="1" branch="False" />
            <line number="158" hits="1" branch="False" />
            <line number="159" hits="1" branch="False" />
            <line number="160" hits="1" branch="False" />
            <line number="162" hits="1" branch="False" />
            <line number="163" hits="1" branch="False" />
            <line number="164" hits="1" branch="False" />
            <line number="166" hits="1" branch="False" />
            <line number="167" hits="1" branch="False" />
            <line number="169" hits="1" branch="False" />
            <line number="170" hits="1" branch="False" />
            <line number="173" hits="1" branch="False" />
            <line number="174" hits="1" branch="False" />
            <line number="175" hits="1" branch="False" />
            <line number="177" hits="1" branch="False" />
            <line number="178" hits="1" branch="False" />
            <line number="179" hits="1" branch="False" />
            <line number="181" hits="1" branch="False" />
            <line number="182" hits="1" branch="False" />
            <line number="184" hits="1" branch="False" />
            <line number="185" hits="1" branch="False" />
            <line number="188" hits="1" branch="False" />
            <line number="189" hits="1" branch="False" />
            <line number="190" hits="1" branch="False" />
            <line number="191" hits="1" branch="False" />
            <line number="192" hits="1" branch="False" />
            <line number="194" hits="1" branch="False" />
            <line number="195" hits="1" branch="False" />
            <line number="197" hits="1" branch="False" />
            <line number="198" hits="1" branch="False" />
            <line number="201" hits="1" branch="False" />
            <line number="202" hits="1" branch="False" />
            <line number="203" hits="1" branch="False" />
            <line number="204" hits="1" branch="False" />
            <line number="205" hits="1" branch="False" />
            <line number="207" hits="1" branch="False" />
            <line number="208" hits="1" branch="False" />
            <line number="210" hits="1" branch="False" />
            <line number="211" hits="1" branch="False" />
            <line number="214" hits="1" branch="False" />
            <line number="215" hits="1" branch="False" />
            <line number="216" hits="1" branch="False" />
            <line number="217" hits="1" branch="False" />
            <line number="218" hits="1" branch="False" />
            <line number="220" hits="1" branch="False" />
            <line number="221" hits="1" branch="False" />
            <line number="223" hits="1" branch="False" />
            <line number="224" hits="1" branch="False" />
            <line number="227" hits="1" branch="False" />
            <line number="228" hits="1" branch="False" />
            <line number="229" hits="1" branch="False" />
            <line number="230" hits="1" branch="False" />
            <line number="231" hits="1" branch="False" />
            <line number="233" hits="2" branch="False" />
            <line number="234" hits="1" branch="False" />
            <line number="237" hits="1" branch="False" />
            <line number="238" hits="1" branch="False" />
            <line number="239" hits="1" branch="False" />
            <line number="240" hits="1" branch="False" />
            <line number="241" hits="1" branch="False" />
            <line number="243" hits="2" branch="False" />
            <line number="244" hits="1" branch="False" />
            <line number="247" hits="1" branch="False" />
            <line number="248" hits="1" branch="False" />
            <line number="249" hits="1" branch="False" />
            <line number="250" hits="1" branch="False" />
            <line number="251" hits="1" branch="False" />
            <line number="253" hits="1" branch="False" />
            <line number="255" hits="1" branch="False" />
            <line number="257" hits="1" branch="False" />
            <line number="259" hits="1" branch="False" />
            <line number="260" hits="1" branch="False" />
            <line number="263" hits="1" branch="False" />
            <line number="264" hits="1" branch="False" />
            <line number="265" hits="1" branch="False" />
            <line number="266" hits="1" branch="False" />
            <line number="267" hits="1" branch="False" />
            <line number="269" hits="1" branch="False" />
            <line number="271" hits="1" branch="False" />
            <line number="273" hits="1" branch="False" />
            <line number="275" hits="1" branch="False" />
            <line number="276" hits="1" branch="False" />
            <line number="279" hits="1" branch="False" />
            <line number="280" hits="1" branch="False" />
            <line number="281" hits="1" branch="False" />
            <line number="282" hits="1" branch="False" />
            <line number="283" hits="1" branch="False" />
            <line number="285" hits="1" branch="False" />
            <line number="287" hits="1" branch="False" />
            <line number="289" hits="1" branch="False" />
            <line number="291" hits="1" branch="False" />
            <line number="292" hits="1" branch="False" />
            <line number="295" hits="1" branch="False" />
            <line number="296" hits="1" branch="False" />
            <line number="297" hits="1" branch="False" />
            <line number="298" hits="1" branch="False" />
            <line number="299" hits="1" branch="False" />
            <line number="301" hits="2" branch="False" />
            <line number="302" hits="1" branch="False" />
            <line number="305" hits="1" branch="False" />
            <line number="306" hits="1" branch="False" />
            <line number="307" hits="1" branch="False" />
            <line number="308" hits="1" branch="False" />
            <line number="309" hits="1" branch="False" />
            <line number="311" hits="2" branch="False" />
            <line number="312" hits="1" branch="False" />
            <line number="315" hits="1" branch="False" />
            <line number="316" hits="1" branch="False" />
            <line number="317" hits="1" branch="False" />
            <line number="318" hits="1" branch="False" />
            <line number="319" hits="1" branch="False" />
            <line number="321" hits="1" branch="False" />
            <line number="323" hits="1" branch="False" />
            <line number="324" hits="1" branch="False" />
            <line number="326" hits="1" branch="False" />
            <line number="327" hits="1" branch="False" />
            <line number="10" hits="22" branch="False" />
          </lines>
        </class>
      </classes>
    </package>
  </packages>
</coverage>